2019-10-22 11:25:23,972 INFO 10609302 
<ipython-input-1-ef1855288f1b> <ipython-input-1-ef1855288f1b> renameFile 47 
../ScriptDownloads\\0-loop\\12\image.jpg being renamed as ../ScriptDownloads\\0-loop\\12\23-image.jpg

2019-10-22 11:25:24,367 INFO 10609696 
<ipython-input-72-2931b5e1fb14> <ipython-input-72-2931b5e1fb14> <module> 51 
The size of the current attachment being downloaded is 2.589096MB

2019-10-22 11:25:26,814 INFO 10612144 
<ipython-input-1-ef1855288f1b> <ipython-input-1-ef1855288f1b> renameFile 47 
../ScriptDownloads\\0-loop\\14\image.jpg being renamed as ../ScriptDownloads\\0-loop\\14\24-image.jpg

2019-10-22 11:25:27,266 INFO 10612596 
<ipython-input-72-2931b5e1fb14> <ipython-input-72-2931b5e1fb14> <module> 51 
The size of the current attachment being downloaded is 2.77272MB

2019-10-22 11:25:28,828 INFO 10614158 
<ipython-input-1-ef1855288f1b> <ipython-input-1-ef1855288f1b> renameFile 47 
../ScriptDownloads\\0-loop\\14\image.jpg being renamed as ../ScriptDownloads\\0-loop\\14\25-image.jpg

2019-10-22 11:25:29,140 INFO 10614469 
<ipython-input-72-2931b5e1fb14> <ipython-input-72-2931b5e1fb14> <module> 51 
The size of the current attachment being downloaded is 2.3572MB

2019-10-22 11:25:30,323 INFO 10615652 
<ipython-input-1-ef1855288f1b> <ipython-input-1-ef1855288f1b> renameFile 47 
../ScriptDownloads\\0-loop\\14\image.jpg being renamed as ../ScriptDownloads\\0-loop\\14\26-image.jpg

2019-10-22 11:25:30,620 INFO 10615950 
<ipython-input-72-2931b5e1fb14> <ipython-input-72-2931b5e1fb14> <module> 51 
The size of the current attachment being downloaded is 3.700974MB

2019-10-22 11:25:31,301 INFO 10616630 
<ipython-input-1-ef1855288f1b> <ipython-input-1-ef1855288f1b> renameFile 47 
../ScriptDownloads\\0-loop\\15\1567511084619747621015.jpg being renamed as ../ScriptDownloads\\0-loop\\15\27-1567511084619747621015.jpg

2019-10-22 11:25:31,492 INFO 10616822 
<ipython-input-72-2931b5e1fb14> <ipython-input-72-2931b5e1fb14> <module> 51 
The size of the current attachment being downloaded is 3.556002MB

2019-10-22 11:25:32,254 INFO 10617584 
<ipython-input-1-ef1855288f1b> <ipython-input-1-ef1855288f1b> renameFile 47 
../ScriptDownloads\\0-loop\\15\1567511140760-675832870.jpg being renamed as ../ScriptDownloads\\0-loop\\15\28-1567511140760-675832870.jpg

2019-10-22 11:25:32,443 INFO 10617773 
<ipython-input-72-2931b5e1fb14> <ipython-input-72-2931b5e1fb14> <module> 51 
The size of the current attachment being downloaded is 3.193912MB

2019-10-22 11:25:33,185 INFO 10618515 
<ipython-input-1-ef1855288f1b> <ipython-input-1-ef1855288f1b> renameFile 47 
../ScriptDownloads\\0-loop\\15\1567511153825-724248658.jpg being renamed as ../ScriptDownloads\\0-loop\\15\29-1567511153825-724248658.jpg

2019-10-22 11:25:33,376 INFO 10618706 
<ipython-input-72-2931b5e1fb14> <ipython-input-72-2931b5e1fb14> <module> 51 
The size of the current attachment being downloaded is 3.235318MB

2019-10-22 11:25:34,297 INFO 10619627 
<ipython-input-1-ef1855288f1b> <ipython-input-1-ef1855288f1b> renameFile 47 
../ScriptDownloads\\0-loop\\15\1567511174255-1767102837.jpg being renamed as ../ScriptDownloads\\0-loop\\15\30-1567511174255-1767102837.jpg

2019-10-22 11:25:34,495 INFO 10619825 
<ipython-input-72-2931b5e1fb14> <ipython-input-72-2931b5e1fb14> <module> 51 
The size of the current attachment being downloaded is 3.06169MB

2019-10-22 11:25:35,535 INFO 10620865 
<ipython-input-1-ef1855288f1b> <ipython-input-1-ef1855288f1b> renameFile 47 
../ScriptDownloads\\0-loop\\15\1567511189523575903278.jpg being renamed as ../ScriptDownloads\\0-loop\\15\31-1567511189523575903278.jpg

2019-10-22 11:25:36,118 INFO 10621448 
<ipython-input-72-2931b5e1fb14> <ipython-input-72-2931b5e1fb14> <module> 51 
The size of the current attachment being downloaded is 3.346112MB

2019-10-22 11:25:37,071 INFO 10622401 
<ipython-input-1-ef1855288f1b> <ipython-input-1-ef1855288f1b> renameFile 47 
../ScriptDownloads\\0-loop\\15\15675112037341992042327.jpg being renamed as ../ScriptDownloads\\0-loop\\15\32-15675112037341992042327.jpg

2019-10-22 11:25:37,264 INFO 10622594 
<ipython-input-72-2931b5e1fb14> <ipython-input-72-2931b5e1fb14> <module> 51 
The size of the current attachment being downloaded is 3.782912MB

2019-10-22 11:25:38,274 INFO 10623603 
<ipython-input-1-ef1855288f1b> <ipython-input-1-ef1855288f1b> renameFile 47 
../ScriptDownloads\\0-loop\\15\1567511217930-1323699193.jpg being renamed as ../ScriptDownloads\\0-loop\\15\33-1567511217930-1323699193.jpg

2019-10-22 11:25:38,467 INFO 10623797 
<ipython-input-72-2931b5e1fb14> <ipython-input-72-2931b5e1fb14> <module> 51 
The size of the current attachment being downloaded is 3.526736MB

2019-10-22 11:25:39,099 INFO 10624429 
<ipython-input-1-ef1855288f1b> <ipython-input-1-ef1855288f1b> renameFile 47 
../ScriptDownloads\\0-loop\\15\1567511244339-613946647.jpg being renamed as ../ScriptDownloads\\0-loop\\15\34-1567511244339-613946647.jpg

2019-10-22 11:25:39,500 INFO 10624829 
<ipython-input-72-2931b5e1fb14> <ipython-input-72-2931b5e1fb14> <module> 51 
The size of the current attachment being downloaded is 2.103585MB

2019-10-22 11:25:40,098 INFO 10625428 
<ipython-input-1-ef1855288f1b> <ipython-input-1-ef1855288f1b> renameFile 47 
../ScriptDownloads\\0-loop\\17\1567595819899-97900976.jpg being renamed as ../ScriptDownloads\\0-loop\\17\35-1567595819899-97900976.jpg

2019-10-22 11:25:40,297 INFO 10625627 
<ipython-input-72-2931b5e1fb14> <ipython-input-72-2931b5e1fb14> <module> 51 
The size of the current attachment being downloaded is 2.264778MB

2019-10-22 11:25:41,220 INFO 10626550 
<ipython-input-1-ef1855288f1b> <ipython-input-1-ef1855288f1b> renameFile 47 
../ScriptDownloads\\0-loop\\17\1567595834849167372266.jpg being renamed as ../ScriptDownloads\\0-loop\\17\36-1567595834849167372266.jpg

2019-10-22 11:25:41,575 INFO 10626904 
<ipython-input-72-2931b5e1fb14> <ipython-input-72-2931b5e1fb14> <module> 51 
The size of the current attachment being downloaded is 2.274992MB

2019-10-22 11:25:42,172 INFO 10627502 
<ipython-input-1-ef1855288f1b> <ipython-input-1-ef1855288f1b> renameFile 47 
../ScriptDownloads\\0-loop\\17\1567595845573-91395054.jpg being renamed as ../ScriptDownloads\\0-loop\\17\37-1567595845573-91395054.jpg

2019-10-22 11:25:42,364 INFO 10627694 
<ipython-input-72-2931b5e1fb14> <ipython-input-72-2931b5e1fb14> <module> 51 
The size of the current attachment being downloaded is 2.182466MB

2019-10-22 11:25:42,932 INFO 10628261 
<ipython-input-1-ef1855288f1b> <ipython-input-1-ef1855288f1b> renameFile 47 
../ScriptDownloads\\0-loop\\17\1567595856591-1472815302.jpg being renamed as ../ScriptDownloads\\0-loop\\17\38-1567595856591-1472815302.jpg

2019-10-22 11:25:43,124 INFO 10628454 
<ipython-input-72-2931b5e1fb14> <ipython-input-72-2931b5e1fb14> <module> 51 
The size of the current attachment being downloaded is 2.254797MB

2019-10-22 11:25:43,806 INFO 10629135 
<ipython-input-1-ef1855288f1b> <ipython-input-1-ef1855288f1b> renameFile 47 
../ScriptDownloads\\0-loop\\17\1567595866212192423103.jpg being renamed as ../ScriptDownloads\\0-loop\\17\39-1567595866212192423103.jpg

2019-10-22 11:25:43,998 INFO 10629328 
<ipython-input-72-2931b5e1fb14> <ipython-input-72-2931b5e1fb14> <module> 51 
The size of the current attachment being downloaded is 2.07975MB

2019-10-22 11:25:44,594 INFO 10629924 
<ipython-input-1-ef1855288f1b> <ipython-input-1-ef1855288f1b> renameFile 47 
../ScriptDownloads\\0-loop\\17\1567595881215-159408335.jpg being renamed as ../ScriptDownloads\\0-loop\\17\40-1567595881215-159408335.jpg

2019-10-22 11:25:45,056 INFO 10630386 
<ipython-input-72-2931b5e1fb14> <ipython-input-72-2931b5e1fb14> <module> 51 
The size of the current attachment being downloaded is 2.312893MB

2019-10-22 11:25:45,679 INFO 10631009 
<ipython-input-1-ef1855288f1b> <ipython-input-1-ef1855288f1b> renameFile 47 
../ScriptDownloads\\0-loop\\17\1567595899232-1539044569.jpg being renamed as ../ScriptDownloads\\0-loop\\17\41-1567595899232-1539044569.jpg

2019-10-22 11:25:46,355 INFO 10631685 
<ipython-input-72-2931b5e1fb14> <ipython-input-72-2931b5e1fb14> <module> 51 
The size of the current attachment being downloaded is 0.461099MB

2019-10-22 11:25:46,904 INFO 10632234 
<ipython-input-1-ef1855288f1b> <ipython-input-1-ef1855288f1b> renameFile 47 
../ScriptDownloads\\0-loop\\20\IMG_20190904_132356.jpg being renamed as ../ScriptDownloads\\0-loop\\20\42-IMG_20190904_132356.jpg

2019-10-22 11:25:47,198 INFO 10632528 
<ipython-input-72-2931b5e1fb14> <ipython-input-72-2931b5e1fb14> <module> 51 
The size of the current attachment being downloaded is 0.508274MB

2019-10-22 11:25:47,808 INFO 10633138 
<ipython-input-1-ef1855288f1b> <ipython-input-1-ef1855288f1b> renameFile 47 
../ScriptDownloads\\0-loop\\20\IMG_20190904_132353.jpg being renamed as ../ScriptDownloads\\0-loop\\20\43-IMG_20190904_132353.jpg

2019-10-22 11:25:48,020 INFO 10633350 
<ipython-input-72-2931b5e1fb14> <ipython-input-72-2931b5e1fb14> <module> 51 
The size of the current attachment being downloaded is 0.486967MB

2019-10-22 11:25:48,526 INFO 10633856 
<ipython-input-1-ef1855288f1b> <ipython-input-1-ef1855288f1b> renameFile 47 
../ScriptDownloads\\0-loop\\20\IMG_20190904_132351.jpg being renamed as ../ScriptDownloads\\0-loop\\20\44-IMG_20190904_132351.jpg

2019-10-22 11:25:48,717 INFO 10634047 
<ipython-input-72-2931b5e1fb14> <ipython-input-72-2931b5e1fb14> <module> 51 
The size of the current attachment being downloaded is 0.37678MB

2019-10-22 11:25:49,689 INFO 10635019 
<ipython-input-1-ef1855288f1b> <ipython-input-1-ef1855288f1b> renameFile 47 
../ScriptDownloads\\0-loop\\20\IMG_20190904_132346.jpg being renamed as ../ScriptDownloads\\0-loop\\20\45-IMG_20190904_132346.jpg

2019-10-22 11:25:50,041 INFO 10635371 
<ipython-input-72-2931b5e1fb14> <ipython-input-72-2931b5e1fb14> <module> 51 
The size of the current attachment being downloaded is 0.468355MB

2019-10-22 11:25:50,532 INFO 10635862 
<ipython-input-1-ef1855288f1b> <ipython-input-1-ef1855288f1b> renameFile 47 
../ScriptDownloads\\0-loop\\20\IMG_20190904_132343.jpg being renamed as ../ScriptDownloads\\0-loop\\20\46-IMG_20190904_132343.jpg

2019-10-22 11:25:50,893 INFO 10636223 
<ipython-input-72-2931b5e1fb14> <ipython-input-72-2931b5e1fb14> <module> 51 
The size of the current attachment being downloaded is 0.502292MB

2019-10-22 11:25:51,602 INFO 10636932 
<ipython-input-1-ef1855288f1b> <ipython-input-1-ef1855288f1b> renameFile 47 
../ScriptDownloads\\0-loop\\20\IMG_20190904_132341.jpg being renamed as ../ScriptDownloads\\0-loop\\20\47-IMG_20190904_132341.jpg

2019-10-22 11:25:51,801 INFO 10637131 
<ipython-input-72-2931b5e1fb14> <ipython-input-72-2931b5e1fb14> <module> 51 
The size of the current attachment being downloaded is 0.591753MB

2019-10-22 11:25:52,349 INFO 10637679 
<ipython-input-1-ef1855288f1b> <ipython-input-1-ef1855288f1b> renameFile 47 
../ScriptDownloads\\0-loop\\20\IMG_20190904_132335.jpg being renamed as ../ScriptDownloads\\0-loop\\20\48-IMG_20190904_132335.jpg

2019-10-22 11:25:52,546 INFO 10637876 
<ipython-input-72-2931b5e1fb14> <ipython-input-72-2931b5e1fb14> <module> 51 
The size of the current attachment being downloaded is 0.55791MB

2019-10-22 11:25:53,044 INFO 10638374 
<ipython-input-1-ef1855288f1b> <ipython-input-1-ef1855288f1b> renameFile 47 
../ScriptDownloads\\0-loop\\20\IMG_20190904_132333.jpg being renamed as ../ScriptDownloads\\0-loop\\20\49-IMG_20190904_132333.jpg

2019-10-22 11:25:53,245 INFO 10638575 
<ipython-input-72-2931b5e1fb14> <ipython-input-72-2931b5e1fb14> <module> 51 
The size of the current attachment being downloaded is 0.459479MB

2019-10-22 11:25:53,734 INFO 10639064 
<ipython-input-1-ef1855288f1b> <ipython-input-1-ef1855288f1b> renameFile 47 
../ScriptDownloads\\0-loop\\20\IMG_20190904_132329.jpg being renamed as ../ScriptDownloads\\0-loop\\20\50-IMG_20190904_132329.jpg

2019-10-22 11:25:53,926 INFO 10639256 
<ipython-input-72-2931b5e1fb14> <ipython-input-72-2931b5e1fb14> <module> 51 
The size of the current attachment being downloaded is 0.47412MB

2019-10-22 11:25:54,401 INFO 10639731 
<ipython-input-1-ef1855288f1b> <ipython-input-1-ef1855288f1b> renameFile 47 
../ScriptDownloads\\0-loop\\20\IMG_20190904_132324.jpg being renamed as ../ScriptDownloads\\0-loop\\20\51-IMG_20190904_132324.jpg

2019-10-22 11:25:54,607 INFO 10639937 
<ipython-input-72-2931b5e1fb14> <ipython-input-72-2931b5e1fb14> <module> 51 
The size of the current attachment being downloaded is 0.589606MB

2019-10-22 11:25:55,137 INFO 10640467 
<ipython-input-1-ef1855288f1b> <ipython-input-1-ef1855288f1b> renameFile 47 
../ScriptDownloads\\0-loop\\20\IMG_20190904_132319.jpg being renamed as ../ScriptDownloads\\0-loop\\20\52-IMG_20190904_132319.jpg

2019-10-22 11:25:55,328 INFO 10640658 
<ipython-input-72-2931b5e1fb14> <ipython-input-72-2931b5e1fb14> <module> 51 
The size of the current attachment being downloaded is 0.423903MB

2019-10-22 11:25:55,782 INFO 10641112 
<ipython-input-1-ef1855288f1b> <ipython-input-1-ef1855288f1b> renameFile 47 
../ScriptDownloads\\0-loop\\20\IMG_20190904_132314.jpg being renamed as ../ScriptDownloads\\0-loop\\20\53-IMG_20190904_132314.jpg

2019-10-22 11:25:55,977 INFO 10641307 
<ipython-input-72-2931b5e1fb14> <ipython-input-72-2931b5e1fb14> <module> 51 
The size of the current attachment being downloaded is 0.537979MB

2019-10-22 11:25:56,445 INFO 10641775 
<ipython-input-1-ef1855288f1b> <ipython-input-1-ef1855288f1b> renameFile 47 
../ScriptDownloads\\0-loop\\20\IMG_20190904_132310.jpg being renamed as ../ScriptDownloads\\0-loop\\20\54-IMG_20190904_132310.jpg

2019-10-22 11:25:56,835 INFO 10642165 
<ipython-input-72-2931b5e1fb14> <ipython-input-72-2931b5e1fb14> <module> 51 
The size of the current attachment being downloaded is 5.118027MB

2019-10-22 11:25:57,633 INFO 10642962 
<ipython-input-1-ef1855288f1b> <ipython-input-1-ef1855288f1b> renameFile 47 
../ScriptDownloads\\0-loop\\22\15676048859503264835981161078172.jpg being renamed as ../ScriptDownloads\\0-loop\\22\55-15676048859503264835981161078172.jpg

2019-10-22 11:25:58,955 INFO 10644285 
<ipython-input-72-2931b5e1fb14> <ipython-input-72-2931b5e1fb14> <module> 51 
The size of the current attachment being downloaded is 5.025527MB

2019-10-22 11:25:59,842 INFO 10645172 
<ipython-input-1-ef1855288f1b> <ipython-input-1-ef1855288f1b> renameFile 47 
../ScriptDownloads\\0-loop\\22\15676048985163347121120453181693.jpg being renamed as ../ScriptDownloads\\0-loop\\22\56-15676048985163347121120453181693.jpg

2019-10-22 11:26:00,035 INFO 10645364 
<ipython-input-72-2931b5e1fb14> <ipython-input-72-2931b5e1fb14> <module> 51 
The size of the current attachment being downloaded is 5.320647MB

2019-10-22 11:26:01,395 INFO 10646724 
<ipython-input-1-ef1855288f1b> <ipython-input-1-ef1855288f1b> renameFile 47 
../ScriptDownloads\\0-loop\\22\15676049084612085470840392646100.jpg being renamed as ../ScriptDownloads\\0-loop\\22\57-15676049084612085470840392646100.jpg

2019-10-22 11:26:01,611 INFO 10646941 
<ipython-input-72-2931b5e1fb14> <ipython-input-72-2931b5e1fb14> <module> 51 
The size of the current attachment being downloaded is 5.643864MB

2019-10-22 11:26:02,855 INFO 10648184 
<ipython-input-1-ef1855288f1b> <ipython-input-1-ef1855288f1b> renameFile 47 
../ScriptDownloads\\0-loop\\22\15676049188858213413352129661655.jpg being renamed as ../ScriptDownloads\\0-loop\\22\58-15676049188858213413352129661655.jpg

2019-10-22 11:26:03,068 INFO 10648398 
<ipython-input-72-2931b5e1fb14> <ipython-input-72-2931b5e1fb14> <module> 51 
The size of the current attachment being downloaded is 5.848181MB

2019-10-22 11:26:04,104 INFO 10649434 
<ipython-input-1-ef1855288f1b> <ipython-input-1-ef1855288f1b> renameFile 47 
../ScriptDownloads\\0-loop\\22\15676049286262294034158914174117.jpg being renamed as ../ScriptDownloads\\0-loop\\22\59-15676049286262294034158914174117.jpg

2019-10-22 11:26:04,342 INFO 10649671 
<ipython-input-72-2931b5e1fb14> <ipython-input-72-2931b5e1fb14> <module> 51 
The size of the current attachment being downloaded is 5.746033MB

2019-10-22 11:26:05,230 INFO 10650559 
<ipython-input-1-ef1855288f1b> <ipython-input-1-ef1855288f1b> renameFile 47 
../ScriptDownloads\\0-loop\\22\15676049381888636646943881767338.jpg being renamed as ../ScriptDownloads\\0-loop\\22\60-15676049381888636646943881767338.jpg

2019-10-22 11:26:05,429 INFO 10650759 
<ipython-input-72-2931b5e1fb14> <ipython-input-72-2931b5e1fb14> <module> 51 
The size of the current attachment being downloaded is 5.787222MB

2019-10-22 11:26:06,253 INFO 10651583 
<ipython-input-1-ef1855288f1b> <ipython-input-1-ef1855288f1b> renameFile 47 
../ScriptDownloads\\0-loop\\22\15676049517594492000861200895228.jpg being renamed as ../ScriptDownloads\\0-loop\\22\61-15676049517594492000861200895228.jpg

2019-10-22 11:26:06,473 INFO 10651803 
<ipython-input-72-2931b5e1fb14> <ipython-input-72-2931b5e1fb14> <module> 51 
The size of the current attachment being downloaded is 5.644007MB

2019-10-22 11:26:07,867 INFO 10653197 
<ipython-input-1-ef1855288f1b> <ipython-input-1-ef1855288f1b> renameFile 47 
../ScriptDownloads\\0-loop\\22\1567604964529162111579877449219.jpg being renamed as ../ScriptDownloads\\0-loop\\22\62-1567604964529162111579877449219.jpg

2019-10-22 11:26:08,072 INFO 10653402 
<ipython-input-72-2931b5e1fb14> <ipython-input-72-2931b5e1fb14> <module> 51 
The size of the current attachment being downloaded is 5.419662MB

2019-10-22 11:26:09,466 INFO 10654796 
<ipython-input-1-ef1855288f1b> <ipython-input-1-ef1855288f1b> renameFile 47 
../ScriptDownloads\\0-loop\\22\15676049727247236774967717747609.jpg being renamed as ../ScriptDownloads\\0-loop\\22\63-15676049727247236774967717747609.jpg

2019-10-22 11:26:09,659 INFO 10654989 
<ipython-input-72-2931b5e1fb14> <ipython-input-72-2931b5e1fb14> <module> 51 
The size of the current attachment being downloaded is 5.379499MB

2019-10-22 11:26:10,516 INFO 10655846 
<ipython-input-1-ef1855288f1b> <ipython-input-1-ef1855288f1b> renameFile 47 
../ScriptDownloads\\0-loop\\22\15676049999108183446028356453660.jpg being renamed as ../ScriptDownloads\\0-loop\\22\64-15676049999108183446028356453660.jpg

2019-10-22 11:26:10,710 INFO 10656040 
<ipython-input-72-2931b5e1fb14> <ipython-input-72-2931b5e1fb14> <module> 51 
The size of the current attachment being downloaded is 2.744076MB

2019-10-22 11:26:11,389 INFO 10656719 
<ipython-input-1-ef1855288f1b> <ipython-input-1-ef1855288f1b> renameFile 47 
../ScriptDownloads\\0-loop\\23\1567604953549555330300.jpg being renamed as ../ScriptDownloads\\0-loop\\23\65-1567604953549555330300.jpg

2019-10-22 11:26:12,061 INFO 10657391 
<ipython-input-72-2931b5e1fb14> <ipython-input-72-2931b5e1fb14> <module> 51 
The size of the current attachment being downloaded is 2.737296MB

2019-10-22 11:26:12,712 INFO 10658042 
<ipython-input-1-ef1855288f1b> <ipython-input-1-ef1855288f1b> renameFile 47 
../ScriptDownloads\\0-loop\\23\1567604976578-1654955031.jpg being renamed as ../ScriptDownloads\\0-loop\\23\66-1567604976578-1654955031.jpg

2019-10-22 11:26:13,226 INFO 10658556 
<ipython-input-72-2931b5e1fb14> <ipython-input-72-2931b5e1fb14> <module> 51 
The size of the current attachment being downloaded is 2.559068MB

2019-10-22 11:26:13,899 INFO 10659229 
<ipython-input-1-ef1855288f1b> <ipython-input-1-ef1855288f1b> renameFile 47 
../ScriptDownloads\\0-loop\\23\1567604997734-1378876433.jpg being renamed as ../ScriptDownloads\\0-loop\\23\67-1567604997734-1378876433.jpg

2019-10-22 11:26:14,088 INFO 10659418 
<ipython-input-72-2931b5e1fb14> <ipython-input-72-2931b5e1fb14> <module> 51 
The size of the current attachment being downloaded is 3.116393MB

2019-10-22 11:26:14,761 INFO 10660091 
<ipython-input-1-ef1855288f1b> <ipython-input-1-ef1855288f1b> renameFile 47 
../ScriptDownloads\\0-loop\\23\15676050165471778504991.jpg being renamed as ../ScriptDownloads\\0-loop\\23\68-15676050165471778504991.jpg

2019-10-22 11:26:14,994 INFO 10660324 
<ipython-input-72-2931b5e1fb14> <ipython-input-72-2931b5e1fb14> <module> 51 
The size of the current attachment being downloaded is 2.93719MB

2019-10-22 11:26:15,740 INFO 10661070 
<ipython-input-1-ef1855288f1b> <ipython-input-1-ef1855288f1b> renameFile 47 
../ScriptDownloads\\0-loop\\23\1567605032874-712076056.jpg being renamed as ../ScriptDownloads\\0-loop\\23\69-1567605032874-712076056.jpg

2019-10-22 11:26:15,929 INFO 10661259 
<ipython-input-72-2931b5e1fb14> <ipython-input-72-2931b5e1fb14> <module> 51 
The size of the current attachment being downloaded is 2.515923MB

2019-10-22 11:26:16,612 INFO 10661941 
<ipython-input-1-ef1855288f1b> <ipython-input-1-ef1855288f1b> renameFile 47 
../ScriptDownloads\\0-loop\\23\1567605052887431454691.jpg being renamed as ../ScriptDownloads\\0-loop\\23\70-1567605052887431454691.jpg

2019-10-22 11:26:16,820 INFO 10662150 
<ipython-input-72-2931b5e1fb14> <ipython-input-72-2931b5e1fb14> <module> 51 
The size of the current attachment being downloaded is 2.591786MB

2019-10-22 11:26:17,509 INFO 10662839 
<ipython-input-1-ef1855288f1b> <ipython-input-1-ef1855288f1b> renameFile 47 
../ScriptDownloads\\0-loop\\24\1567605487140-1403135843.jpg being renamed as ../ScriptDownloads\\0-loop\\24\71-1567605487140-1403135843.jpg

2019-10-22 11:26:18,004 INFO 10663334 
<ipython-input-72-2931b5e1fb14> <ipython-input-72-2931b5e1fb14> <module> 51 
The size of the current attachment being downloaded is 2.849319MB

2019-10-22 11:26:18,645 INFO 10663975 
<ipython-input-1-ef1855288f1b> <ipython-input-1-ef1855288f1b> renameFile 47 
../ScriptDownloads\\0-loop\\24\15676055061551676715560.jpg being renamed as ../ScriptDownloads\\0-loop\\24\72-15676055061551676715560.jpg

2019-10-22 11:26:18,835 INFO 10664165 
<ipython-input-72-2931b5e1fb14> <ipython-input-72-2931b5e1fb14> <module> 51 
The size of the current attachment being downloaded is 2.48048MB

2019-10-22 11:26:19,454 INFO 10664784 
<ipython-input-1-ef1855288f1b> <ipython-input-1-ef1855288f1b> renameFile 47 
../ScriptDownloads\\0-loop\\24\1567605521531-1060106568.jpg being renamed as ../ScriptDownloads\\0-loop\\24\73-1567605521531-1060106568.jpg

2019-10-22 11:26:19,652 INFO 10664982 
<ipython-input-72-2931b5e1fb14> <ipython-input-72-2931b5e1fb14> <module> 51 
The size of the current attachment being downloaded is 2.910665MB

2019-10-22 11:26:20,443 INFO 10665773 
<ipython-input-1-ef1855288f1b> <ipython-input-1-ef1855288f1b> renameFile 47 
../ScriptDownloads\\0-loop\\24\15676055516191254134516.jpg being renamed as ../ScriptDownloads\\0-loop\\24\74-15676055516191254134516.jpg

2019-10-22 11:26:20,634 INFO 10665964 
<ipython-input-72-2931b5e1fb14> <ipython-input-72-2931b5e1fb14> <module> 51 
The size of the current attachment being downloaded is 2.659931MB

2019-10-22 11:26:21,432 INFO 10666762 
<ipython-input-1-ef1855288f1b> <ipython-input-1-ef1855288f1b> renameFile 47 
../ScriptDownloads\\0-loop\\24\1567605568466-1796921924.jpg being renamed as ../ScriptDownloads\\0-loop\\24\75-1567605568466-1796921924.jpg

2019-10-22 11:26:21,620 INFO 10666950 
<ipython-input-72-2931b5e1fb14> <ipython-input-72-2931b5e1fb14> <module> 51 
The size of the current attachment being downloaded is 2.715419MB

2019-10-22 11:26:22,245 INFO 10667575 
<ipython-input-1-ef1855288f1b> <ipython-input-1-ef1855288f1b> renameFile 47 
../ScriptDownloads\\0-loop\\24\1567605586767-688698492.jpg being renamed as ../ScriptDownloads\\0-loop\\24\76-1567605586767-688698492.jpg

2019-10-22 11:26:22,436 INFO 10667766 
<ipython-input-72-2931b5e1fb14> <ipython-input-72-2931b5e1fb14> <module> 51 
The size of the current attachment being downloaded is 2.541034MB

2019-10-22 11:26:23,017 INFO 10668347 
<ipython-input-1-ef1855288f1b> <ipython-input-1-ef1855288f1b> renameFile 47 
../ScriptDownloads\\0-loop\\24\1567605602290-1097226955.jpg being renamed as ../ScriptDownloads\\0-loop\\24\77-1567605602290-1097226955.jpg

2019-10-22 11:26:23,232 INFO 10668562 
<ipython-input-72-2931b5e1fb14> <ipython-input-72-2931b5e1fb14> <module> 51 
The size of the current attachment being downloaded is 2.46892MB

2019-10-22 11:26:23,806 INFO 10669136 
<ipython-input-1-ef1855288f1b> <ipython-input-1-ef1855288f1b> renameFile 47 
../ScriptDownloads\\0-loop\\24\15676056197162024239946.jpg being renamed as ../ScriptDownloads\\0-loop\\24\78-15676056197162024239946.jpg

2019-10-22 11:26:23,999 INFO 10669329 
<ipython-input-72-2931b5e1fb14> <ipython-input-72-2931b5e1fb14> <module> 51 
The size of the current attachment being downloaded is 2.392408MB

2019-10-22 11:26:24,604 INFO 10669934 
<ipython-input-1-ef1855288f1b> <ipython-input-1-ef1855288f1b> renameFile 47 
../ScriptDownloads\\0-loop\\24\1567605635649-1075011780.jpg being renamed as ../ScriptDownloads\\0-loop\\24\79-1567605635649-1075011780.jpg

2019-10-22 11:26:24,798 INFO 10670128 
<ipython-input-72-2931b5e1fb14> <ipython-input-72-2931b5e1fb14> <module> 51 
The size of the current attachment being downloaded is 2.196463MB

2019-10-22 11:26:25,354 INFO 10670683 
<ipython-input-1-ef1855288f1b> <ipython-input-1-ef1855288f1b> renameFile 47 
../ScriptDownloads\\0-loop\\24\1567605672232-85468026.jpg being renamed as ../ScriptDownloads\\0-loop\\24\80-1567605672232-85468026.jpg

2019-10-22 11:26:26,160 INFO 10671489 
<ipython-input-72-2931b5e1fb14> <ipython-input-72-2931b5e1fb14> <module> 51 
The size of the current attachment being downloaded is 2.301177MB

2019-10-22 11:26:27,352 INFO 10672682 
<ipython-input-1-ef1855288f1b> <ipython-input-1-ef1855288f1b> renameFile 47 
../ScriptDownloads\\0-loop\\24\1567605691599348669893.jpg being renamed as ../ScriptDownloads\\0-loop\\24\81-1567605691599348669893.jpg

2019-10-22 11:26:27,544 INFO 10672874 
<ipython-input-72-2931b5e1fb14> <ipython-input-72-2931b5e1fb14> <module> 51 
The size of the current attachment being downloaded is 1.954436MB

2019-10-22 11:26:28,408 INFO 10673738 
<ipython-input-1-ef1855288f1b> <ipython-input-1-ef1855288f1b> renameFile 47 
../ScriptDownloads\\0-loop\\24\1567605706609494592439.jpg being renamed as ../ScriptDownloads\\0-loop\\24\82-1567605706609494592439.jpg

2019-10-22 11:26:28,599 INFO 10673928 
<ipython-input-72-2931b5e1fb14> <ipython-input-72-2931b5e1fb14> <module> 51 
The size of the current attachment being downloaded is 1.895694MB

2019-10-22 11:26:29,564 INFO 10674894 
<ipython-input-1-ef1855288f1b> <ipython-input-1-ef1855288f1b> renameFile 47 
../ScriptDownloads\\0-loop\\24\15676057230952114727220.jpg being renamed as ../ScriptDownloads\\0-loop\\24\83-15676057230952114727220.jpg

2019-10-22 11:26:29,757 INFO 10675087 
<ipython-input-72-2931b5e1fb14> <ipython-input-72-2931b5e1fb14> <module> 51 
The size of the current attachment being downloaded is 1.769734MB

2019-10-22 11:26:30,427 INFO 10675757 
<ipython-input-1-ef1855288f1b> <ipython-input-1-ef1855288f1b> renameFile 47 
../ScriptDownloads\\0-loop\\24\1567605740176164192846.jpg being renamed as ../ScriptDownloads\\0-loop\\24\84-1567605740176164192846.jpg

2019-10-22 11:26:30,620 INFO 10675950 
<ipython-input-72-2931b5e1fb14> <ipython-input-72-2931b5e1fb14> <module> 51 
The size of the current attachment being downloaded is 1.747137MB

2019-10-22 11:26:31,192 INFO 10676522 
<ipython-input-1-ef1855288f1b> <ipython-input-1-ef1855288f1b> renameFile 47 
../ScriptDownloads\\0-loop\\24\15676057558991302980150.jpg being renamed as ../ScriptDownloads\\0-loop\\24\85-15676057558991302980150.jpg

2019-10-22 11:26:31,414 INFO 10676744 
<ipython-input-72-2931b5e1fb14> <ipython-input-72-2931b5e1fb14> <module> 51 
The size of the current attachment being downloaded is 1.928528MB

2019-10-22 11:26:32,817 INFO 10678147 
<ipython-input-1-ef1855288f1b> <ipython-input-1-ef1855288f1b> renameFile 47 
../ScriptDownloads\\0-loop\\24\1567605779079-387164507.jpg being renamed as ../ScriptDownloads\\0-loop\\24\86-1567605779079-387164507.jpg

2019-10-22 11:26:33,008 INFO 10678338 
<ipython-input-72-2931b5e1fb14> <ipython-input-72-2931b5e1fb14> <module> 51 
The size of the current attachment being downloaded is 2.141935MB

2019-10-22 11:26:33,616 INFO 10678945 
<ipython-input-1-ef1855288f1b> <ipython-input-1-ef1855288f1b> renameFile 47 
../ScriptDownloads\\0-loop\\24\1567605797763-2055321394.jpg being renamed as ../ScriptDownloads\\0-loop\\24\87-1567605797763-2055321394.jpg

2019-10-22 11:26:33,817 INFO 10679147 
<ipython-input-72-2931b5e1fb14> <ipython-input-72-2931b5e1fb14> <module> 51 
The size of the current attachment being downloaded is 2.329685MB

2019-10-22 11:26:34,415 INFO 10679745 
<ipython-input-1-ef1855288f1b> <ipython-input-1-ef1855288f1b> renameFile 47 
../ScriptDownloads\\0-loop\\24\1567605813379-1100271826.jpg being renamed as ../ScriptDownloads\\0-loop\\24\88-1567605813379-1100271826.jpg

2019-10-22 11:26:34,603 INFO 10679933 
<ipython-input-72-2931b5e1fb14> <ipython-input-72-2931b5e1fb14> <module> 51 
The size of the current attachment being downloaded is 2.363805MB

2019-10-22 11:26:35,194 INFO 10680524 
<ipython-input-1-ef1855288f1b> <ipython-input-1-ef1855288f1b> renameFile 47 
../ScriptDownloads\\0-loop\\24\15676058289811117683374.jpg being renamed as ../ScriptDownloads\\0-loop\\24\89-15676058289811117683374.jpg

2019-10-22 11:26:35,407 INFO 10680737 
<ipython-input-72-2931b5e1fb14> <ipython-input-72-2931b5e1fb14> <module> 51 
The size of the current attachment being downloaded is 2.431208MB

2019-10-22 11:26:36,032 INFO 10681362 
<ipython-input-1-ef1855288f1b> <ipython-input-1-ef1855288f1b> renameFile 47 
../ScriptDownloads\\0-loop\\24\1567605846873488927983.jpg being renamed as ../ScriptDownloads\\0-loop\\24\90-1567605846873488927983.jpg

2019-10-22 11:26:36,226 INFO 10681556 
<ipython-input-72-2931b5e1fb14> <ipython-input-72-2931b5e1fb14> <module> 51 
The size of the current attachment being downloaded is 2.876775MB

2019-10-22 11:26:36,960 INFO 10682290 
<ipython-input-1-ef1855288f1b> <ipython-input-1-ef1855288f1b> renameFile 47 
../ScriptDownloads\\0-loop\\24\156760586123040995528.jpg being renamed as ../ScriptDownloads\\0-loop\\24\91-156760586123040995528.jpg

2019-10-22 11:26:37,159 INFO 10682489 
<ipython-input-72-2931b5e1fb14> <ipython-input-72-2931b5e1fb14> <module> 51 
The size of the current attachment being downloaded is 3.251685MB

2019-10-22 11:26:37,798 INFO 10683128 
<ipython-input-1-ef1855288f1b> <ipython-input-1-ef1855288f1b> renameFile 47 
../ScriptDownloads\\0-loop\\24\1567605874525-1518513875.jpg being renamed as ../ScriptDownloads\\0-loop\\24\92-1567605874525-1518513875.jpg

2019-10-22 11:26:38,013 INFO 10683343 
<ipython-input-72-2931b5e1fb14> <ipython-input-72-2931b5e1fb14> <module> 51 
The size of the current attachment being downloaded is 5.584983MB

2019-10-22 11:26:38,841 INFO 10684171 
<ipython-input-1-ef1855288f1b> <ipython-input-1-ef1855288f1b> renameFile 47 
../ScriptDownloads\\0-loop\\25\15676077157641960626845796111462.jpg being renamed as ../ScriptDownloads\\0-loop\\25\93-15676077157641960626845796111462.jpg

2019-10-22 11:26:39,031 INFO 10684361 
<ipython-input-72-2931b5e1fb14> <ipython-input-72-2931b5e1fb14> <module> 51 
The size of the current attachment being downloaded is 6.158574MB

2019-10-22 11:26:39,808 INFO 10685138 
<ipython-input-1-ef1855288f1b> <ipython-input-1-ef1855288f1b> renameFile 47 
../ScriptDownloads\\0-loop\\25\15676077299193170326268999344519.jpg being renamed as ../ScriptDownloads\\0-loop\\25\94-15676077299193170326268999344519.jpg

2019-10-22 11:26:40,009 INFO 10685338 
<ipython-input-72-2931b5e1fb14> <ipython-input-72-2931b5e1fb14> <module> 51 
The size of the current attachment being downloaded is 5.974024MB

2019-10-22 11:26:40,909 INFO 10686239 
<ipython-input-1-ef1855288f1b> <ipython-input-1-ef1855288f1b> renameFile 47 
../ScriptDownloads\\0-loop\\25\15676077418027269913525925468535.jpg being renamed as ../ScriptDownloads\\0-loop\\25\95-15676077418027269913525925468535.jpg

2019-10-22 11:26:41,135 INFO 10686465 
<ipython-input-72-2931b5e1fb14> <ipython-input-72-2931b5e1fb14> <module> 51 
The size of the current attachment being downloaded is 6.014956MB

2019-10-22 11:26:41,981 INFO 10687310 
<ipython-input-1-ef1855288f1b> <ipython-input-1-ef1855288f1b> renameFile 47 
../ScriptDownloads\\0-loop\\25\15676077547615003715181143596473.jpg being renamed as ../ScriptDownloads\\0-loop\\25\96-15676077547615003715181143596473.jpg

2019-10-22 11:26:42,178 INFO 10687508 
<ipython-input-72-2931b5e1fb14> <ipython-input-72-2931b5e1fb14> <module> 51 
The size of the current attachment being downloaded is 6.34272MB

2019-10-22 11:26:43,064 INFO 10688394 
<ipython-input-1-ef1855288f1b> <ipython-input-1-ef1855288f1b> renameFile 47 
../ScriptDownloads\\0-loop\\25\15676077655972616049942130979102.jpg being renamed as ../ScriptDownloads\\0-loop\\25\97-15676077655972616049942130979102.jpg

2019-10-22 11:26:43,255 INFO 10688585 
<ipython-input-72-2931b5e1fb14> <ipython-input-72-2931b5e1fb14> <module> 51 
The size of the current attachment being downloaded is 6.157389MB

2019-10-22 11:26:44,433 INFO 10689763 
<ipython-input-1-ef1855288f1b> <ipython-input-1-ef1855288f1b> renameFile 47 
../ScriptDownloads\\0-loop\\25\15676077757023569544159428769413.jpg being renamed as ../ScriptDownloads\\0-loop\\25\98-15676077757023569544159428769413.jpg

2019-10-22 11:26:44,620 INFO 10689950 
<ipython-input-72-2931b5e1fb14> <ipython-input-72-2931b5e1fb14> <module> 51 
The size of the current attachment being downloaded is 6.40344MB

2019-10-22 11:26:45,387 INFO 10690717 
<ipython-input-1-ef1855288f1b> <ipython-input-1-ef1855288f1b> renameFile 47 
../ScriptDownloads\\0-loop\\25\15676077858338074088872830829972.jpg being renamed as ../ScriptDownloads\\0-loop\\25\99-15676077858338074088872830829972.jpg

2019-10-22 11:26:45,601 INFO 10690931 
<ipython-input-72-2931b5e1fb14> <ipython-input-72-2931b5e1fb14> <module> 51 
The size of the current attachment being downloaded is 6.444477MB

2019-10-22 11:26:46,518 INFO 10691848 
<ipython-input-1-ef1855288f1b> <ipython-input-1-ef1855288f1b> renameFile 47 
../ScriptDownloads\\0-loop\\25\15676077961412483101763477500378.jpg being renamed as ../ScriptDownloads\\0-loop\\25\100-15676077961412483101763477500378.jpg

2019-10-22 11:26:46,708 INFO 10692038 
<ipython-input-72-2931b5e1fb14> <ipython-input-72-2931b5e1fb14> <module> 51 
The size of the current attachment being downloaded is 6.592294MB

2019-10-22 11:26:47,562 INFO 10692892 
<ipython-input-1-ef1855288f1b> <ipython-input-1-ef1855288f1b> renameFile 47 
../ScriptDownloads\\0-loop\\25\15676078054614889778500682307949.jpg being renamed as ../ScriptDownloads\\0-loop\\25\101-15676078054614889778500682307949.jpg

2019-10-22 11:26:47,756 INFO 10693086 
<ipython-input-72-2931b5e1fb14> <ipython-input-72-2931b5e1fb14> <module> 51 
The size of the current attachment being downloaded is 6.219406MB

2019-10-22 11:26:48,740 INFO 10694070 
<ipython-input-1-ef1855288f1b> <ipython-input-1-ef1855288f1b> renameFile 47 
../ScriptDownloads\\0-loop\\25\15676078221506442638848198130753.jpg being renamed as ../ScriptDownloads\\0-loop\\25\102-15676078221506442638848198130753.jpg

2019-10-22 11:26:48,943 INFO 10694273 
<ipython-input-72-2931b5e1fb14> <ipython-input-72-2931b5e1fb14> <module> 51 
The size of the current attachment being downloaded is 6.239787MB

2019-10-22 11:26:49,762 INFO 10695092 
<ipython-input-1-ef1855288f1b> <ipython-input-1-ef1855288f1b> renameFile 47 
../ScriptDownloads\\0-loop\\25\15676078342037109541952237450429.jpg being renamed as ../ScriptDownloads\\0-loop\\25\103-15676078342037109541952237450429.jpg

2019-10-22 11:26:49,954 INFO 10695284 
<ipython-input-72-2931b5e1fb14> <ipython-input-72-2931b5e1fb14> <module> 51 
The size of the current attachment being downloaded is 6.485352MB

2019-10-22 11:26:50,937 INFO 10696266 
<ipython-input-1-ef1855288f1b> <ipython-input-1-ef1855288f1b> renameFile 47 
../ScriptDownloads\\0-loop\\25\15676078470915881237899757967989.jpg being renamed as ../ScriptDownloads\\0-loop\\25\104-15676078470915881237899757967989.jpg

2019-10-22 11:26:51,124 INFO 10696454 
<ipython-input-72-2931b5e1fb14> <ipython-input-72-2931b5e1fb14> <module> 51 
The size of the current attachment being downloaded is 6.362796MB

2019-10-22 11:26:51,934 INFO 10697264 
<ipython-input-1-ef1855288f1b> <ipython-input-1-ef1855288f1b> renameFile 47 
../ScriptDownloads\\0-loop\\25\1567607860581244916926460883119.jpg being renamed as ../ScriptDownloads\\0-loop\\25\105-1567607860581244916926460883119.jpg

2019-10-22 11:26:52,124 INFO 10697454 
<ipython-input-72-2931b5e1fb14> <ipython-input-72-2931b5e1fb14> <module> 51 
The size of the current attachment being downloaded is 6.466543MB

2019-10-22 11:26:52,965 INFO 10698295 
<ipython-input-1-ef1855288f1b> <ipython-input-1-ef1855288f1b> renameFile 47 
../ScriptDownloads\\0-loop\\25\15676079109296207872341733444571.jpg being renamed as ../ScriptDownloads\\0-loop\\25\106-15676079109296207872341733444571.jpg

2019-10-22 11:26:53,159 INFO 10698489 
<ipython-input-72-2931b5e1fb14> <ipython-input-72-2931b5e1fb14> <module> 51 
The size of the current attachment being downloaded is 6.466521MB

2019-10-22 11:26:54,059 INFO 10699389 
<ipython-input-1-ef1855288f1b> <ipython-input-1-ef1855288f1b> renameFile 47 
../ScriptDownloads\\0-loop\\25\15676079595618772709765725226496.jpg being renamed as ../ScriptDownloads\\0-loop\\25\107-15676079595618772709765725226496.jpg

2019-10-22 11:26:54,255 INFO 10699585 
<ipython-input-72-2931b5e1fb14> <ipython-input-72-2931b5e1fb14> <module> 51 
The size of the current attachment being downloaded is 6.015259MB

2019-10-22 11:26:55,286 INFO 10700616 
<ipython-input-1-ef1855288f1b> <ipython-input-1-ef1855288f1b> renameFile 47 
../ScriptDownloads\\0-loop\\25\15676079712993347696677737967064.jpg being renamed as ../ScriptDownloads\\0-loop\\25\108-15676079712993347696677737967064.jpg

2019-10-22 11:26:55,477 INFO 10700806 
<ipython-input-72-2931b5e1fb14> <ipython-input-72-2931b5e1fb14> <module> 51 
The size of the current attachment being downloaded is 5.727464MB

2019-10-22 11:26:56,336 INFO 10701666 
<ipython-input-1-ef1855288f1b> <ipython-input-1-ef1855288f1b> renameFile 47 
../ScriptDownloads\\0-loop\\25\15676079813713165074483900945534.jpg being renamed as ../ScriptDownloads\\0-loop\\25\109-15676079813713165074483900945534.jpg

2019-10-22 11:26:56,526 INFO 10701856 
<ipython-input-72-2931b5e1fb14> <ipython-input-72-2931b5e1fb14> <module> 51 
The size of the current attachment being downloaded is 5.768763MB

2019-10-22 11:26:57,426 INFO 10702756 
<ipython-input-1-ef1855288f1b> <ipython-input-1-ef1855288f1b> renameFile 47 
../ScriptDownloads\\0-loop\\25\15676079908893185817150505854654.jpg being renamed as ../ScriptDownloads\\0-loop\\25\110-15676079908893185817150505854654.jpg

2019-10-22 11:26:57,618 INFO 10702948 
<ipython-input-72-2931b5e1fb14> <ipython-input-72-2931b5e1fb14> <module> 51 
The size of the current attachment being downloaded is 5.266759MB

2019-10-22 11:26:58,438 INFO 10703768 
<ipython-input-1-ef1855288f1b> <ipython-input-1-ef1855288f1b> renameFile 47 
../ScriptDownloads\\0-loop\\25\15676080029933471736497696750437.jpg being renamed as ../ScriptDownloads\\0-loop\\25\111-15676080029933471736497696750437.jpg

2019-10-22 11:26:58,633 INFO 10703963 
<ipython-input-72-2931b5e1fb14> <ipython-input-72-2931b5e1fb14> <module> 51 
The size of the current attachment being downloaded is 6.362503MB

2019-10-22 11:26:59,574 INFO 10704903 
<ipython-input-1-ef1855288f1b> <ipython-input-1-ef1855288f1b> renameFile 47 
../ScriptDownloads\\0-loop\\25\15676080259859105993657417669053.jpg being renamed as ../ScriptDownloads\\0-loop\\25\112-15676080259859105993657417669053.jpg

2019-10-22 11:26:59,765 INFO 10705095 
<ipython-input-72-2931b5e1fb14> <ipython-input-72-2931b5e1fb14> <module> 51 
The size of the current attachment being downloaded is 6.997918MB

2019-10-22 11:27:00,618 INFO 10705948 
<ipython-input-1-ef1855288f1b> <ipython-input-1-ef1855288f1b> renameFile 47 
../ScriptDownloads\\0-loop\\25\15676080353206067800627914547261.jpg being renamed as ../ScriptDownloads\\0-loop\\25\113-15676080353206067800627914547261.jpg

2019-10-22 11:27:00,840 INFO 10706170 
<ipython-input-72-2931b5e1fb14> <ipython-input-72-2931b5e1fb14> <module> 51 
The size of the current attachment being downloaded is 6.218734MB

2019-10-22 11:27:01,657 INFO 10706986 
<ipython-input-1-ef1855288f1b> <ipython-input-1-ef1855288f1b> renameFile 47 
../ScriptDownloads\\0-loop\\25\15676080454691223284089988512871.jpg being renamed as ../ScriptDownloads\\0-loop\\25\114-15676080454691223284089988512871.jpg

2019-10-22 11:27:04,050 INFO 10709380 
<ipython-input-72-2931b5e1fb14> <ipython-input-72-2931b5e1fb14> <module> 51 
The size of the current attachment being downloaded is 6.595739MB

2019-10-22 11:27:05,019 INFO 10710349 
<ipython-input-1-ef1855288f1b> <ipython-input-1-ef1855288f1b> renameFile 47 
../ScriptDownloads\\0-loop\\36\image.jpg being renamed as ../ScriptDownloads\\0-loop\\36\115-image.jpg

2019-10-22 11:27:05,209 INFO 10710539 
<ipython-input-72-2931b5e1fb14> <ipython-input-72-2931b5e1fb14> <module> 51 
The size of the current attachment being downloaded is 5.853531MB

2019-10-22 11:27:05,974 INFO 10711304 
<ipython-input-1-ef1855288f1b> <ipython-input-1-ef1855288f1b> renameFile 47 
../ScriptDownloads\\0-loop\\36\image.jpg being renamed as ../ScriptDownloads\\0-loop\\36\116-image.jpg

2019-10-22 11:27:06,179 INFO 10711509 
<ipython-input-72-2931b5e1fb14> <ipython-input-72-2931b5e1fb14> <module> 51 
The size of the current attachment being downloaded is 4.533248MB

2019-10-22 11:27:06,894 INFO 10712223 
<ipython-input-1-ef1855288f1b> <ipython-input-1-ef1855288f1b> renameFile 47 
../ScriptDownloads\\0-loop\\37\image.jpg being renamed as ../ScriptDownloads\\0-loop\\37\117-image.jpg

2019-10-22 11:27:07,763 INFO 10713093 
<ipython-input-72-2931b5e1fb14> <ipython-input-72-2931b5e1fb14> <module> 51 
The size of the current attachment being downloaded is 5.779727MB

2019-10-22 11:27:08,844 INFO 10714174 
<ipython-input-1-ef1855288f1b> <ipython-input-1-ef1855288f1b> renameFile 47 
../ScriptDownloads\\0-loop\\40\2019-09-05 09.34.01.jpg being renamed as ../ScriptDownloads\\0-loop\\40\118-2019-09-05 09.34.01.jpg

2019-10-22 11:27:09,305 INFO 10714635 
<ipython-input-72-2931b5e1fb14> <ipython-input-72-2931b5e1fb14> <module> 51 
The size of the current attachment being downloaded is 1.186283MB

2019-10-22 11:27:09,915 INFO 10715245 
<ipython-input-1-ef1855288f1b> <ipython-input-1-ef1855288f1b> renameFile 47 
../ScriptDownloads\\0-loop\\42\photo_series_20190905113258.jpg being renamed as ../ScriptDownloads\\0-loop\\42\119-photo_series_20190905113258.jpg

2019-10-22 11:27:10,105 INFO 10715435 
<ipython-input-72-2931b5e1fb14> <ipython-input-72-2931b5e1fb14> <module> 51 
The size of the current attachment being downloaded is 1.192967MB

2019-10-22 11:27:10,619 INFO 10715948 
<ipython-input-1-ef1855288f1b> <ipython-input-1-ef1855288f1b> renameFile 47 
../ScriptDownloads\\0-loop\\42\photo_series_20190905113313.jpg being renamed as ../ScriptDownloads\\0-loop\\42\120-photo_series_20190905113313.jpg

2019-10-22 11:27:10,849 INFO 10716179 
<ipython-input-72-2931b5e1fb14> <ipython-input-72-2931b5e1fb14> <module> 51 
The size of the current attachment being downloaded is 1.146527MB

2019-10-22 11:27:11,607 INFO 10716937 
<ipython-input-1-ef1855288f1b> <ipython-input-1-ef1855288f1b> renameFile 47 
../ScriptDownloads\\0-loop\\42\photo_series_20190905113328.jpg being renamed as ../ScriptDownloads\\0-loop\\42\121-photo_series_20190905113328.jpg

2019-10-22 11:27:11,818 INFO 10717148 
<ipython-input-72-2931b5e1fb14> <ipython-input-72-2931b5e1fb14> <module> 51 
The size of the current attachment being downloaded is 1.193095MB

2019-10-22 11:27:12,329 INFO 10717659 
<ipython-input-1-ef1855288f1b> <ipython-input-1-ef1855288f1b> renameFile 47 
../ScriptDownloads\\0-loop\\42\photo_series_20190905113345.jpg being renamed as ../ScriptDownloads\\0-loop\\42\122-photo_series_20190905113345.jpg

2019-10-22 11:27:12,567 INFO 10717897 
<ipython-input-72-2931b5e1fb14> <ipython-input-72-2931b5e1fb14> <module> 51 
The size of the current attachment being downloaded is 1.217612MB

2019-10-22 11:27:14,333 INFO 10719663 
<ipython-input-1-ef1855288f1b> <ipython-input-1-ef1855288f1b> renameFile 47 
../ScriptDownloads\\0-loop\\42\photo_series_20190905113400.jpg being renamed as ../ScriptDownloads\\0-loop\\42\123-photo_series_20190905113400.jpg

2019-10-22 11:27:14,536 INFO 10719866 
<ipython-input-72-2931b5e1fb14> <ipython-input-72-2931b5e1fb14> <module> 51 
The size of the current attachment being downloaded is 1.190839MB

2019-10-22 11:27:15,358 INFO 10720687 
<ipython-input-1-ef1855288f1b> <ipython-input-1-ef1855288f1b> renameFile 47 
../ScriptDownloads\\0-loop\\42\photo_series_20190905113419.jpg being renamed as ../ScriptDownloads\\0-loop\\42\124-photo_series_20190905113419.jpg

2019-10-22 11:27:15,554 INFO 10720883 
<ipython-input-72-2931b5e1fb14> <ipython-input-72-2931b5e1fb14> <module> 51 
The size of the current attachment being downloaded is 1.038809MB

2019-10-22 11:27:16,077 INFO 10721406 
<ipython-input-1-ef1855288f1b> <ipython-input-1-ef1855288f1b> renameFile 47 
../ScriptDownloads\\0-loop\\42\photo_series_20190905113434.jpg being renamed as ../ScriptDownloads\\0-loop\\42\125-photo_series_20190905113434.jpg

2019-10-22 11:27:16,316 INFO 10721645 
<ipython-input-72-2931b5e1fb14> <ipython-input-72-2931b5e1fb14> <module> 51 
The size of the current attachment being downloaded is 1.155448MB

2019-10-22 11:27:16,862 INFO 10722192 
<ipython-input-1-ef1855288f1b> <ipython-input-1-ef1855288f1b> renameFile 47 
../ScriptDownloads\\0-loop\\42\photo_series_20190905113449.jpg being renamed as ../ScriptDownloads\\0-loop\\42\126-photo_series_20190905113449.jpg

2019-10-22 11:27:17,052 INFO 10722382 
<ipython-input-72-2931b5e1fb14> <ipython-input-72-2931b5e1fb14> <module> 51 
The size of the current attachment being downloaded is 1.194752MB

2019-10-22 11:27:17,677 INFO 10723007 
<ipython-input-1-ef1855288f1b> <ipython-input-1-ef1855288f1b> renameFile 47 
../ScriptDownloads\\0-loop\\42\photo_series_20190905113536.jpg being renamed as ../ScriptDownloads\\0-loop\\42\127-photo_series_20190905113536.jpg

2019-10-22 11:27:17,871 INFO 10723201 
<ipython-input-72-2931b5e1fb14> <ipython-input-72-2931b5e1fb14> <module> 51 
The size of the current attachment being downloaded is 1.029213MB

2019-10-22 11:27:18,523 INFO 10723853 
<ipython-input-1-ef1855288f1b> <ipython-input-1-ef1855288f1b> renameFile 47 
../ScriptDownloads\\0-loop\\42\photo_series_20190905113549.jpg being renamed as ../ScriptDownloads\\0-loop\\42\128-photo_series_20190905113549.jpg

2019-10-22 11:27:18,943 INFO 10724273 
<ipython-input-72-2931b5e1fb14> <ipython-input-72-2931b5e1fb14> <module> 51 
The size of the current attachment being downloaded is 4.732252MB

2019-10-22 11:27:19,674 INFO 10725004 
<ipython-input-1-ef1855288f1b> <ipython-input-1-ef1855288f1b> renameFile 47 
../ScriptDownloads\\0-loop\\44\image.jpg being renamed as ../ScriptDownloads\\0-loop\\44\129-image.jpg

2019-10-22 11:27:20,071 INFO 10725401 
<ipython-input-72-2931b5e1fb14> <ipython-input-72-2931b5e1fb14> <module> 51 
The size of the current attachment being downloaded is 1.18027MB

2019-10-22 11:27:20,600 INFO 10725930 
<ipython-input-1-ef1855288f1b> <ipython-input-1-ef1855288f1b> renameFile 47 
../ScriptDownloads\\0-loop\\46\photo_series_20190905114730.jpg being renamed as ../ScriptDownloads\\0-loop\\46\130-photo_series_20190905114730.jpg

2019-10-22 11:27:20,807 INFO 10726137 
<ipython-input-72-2931b5e1fb14> <ipython-input-72-2931b5e1fb14> <module> 51 
The size of the current attachment being downloaded is 1.025881MB

2019-10-22 11:27:21,396 INFO 10726726 
<ipython-input-1-ef1855288f1b> <ipython-input-1-ef1855288f1b> renameFile 47 
../ScriptDownloads\\0-loop\\46\photo_series_20190905114745.jpg being renamed as ../ScriptDownloads\\0-loop\\46\131-photo_series_20190905114745.jpg

2019-10-22 11:27:21,595 INFO 10726925 
<ipython-input-72-2931b5e1fb14> <ipython-input-72-2931b5e1fb14> <module> 51 
The size of the current attachment being downloaded is 0.999246MB

2019-10-22 11:27:22,743 INFO 10728073 
<ipython-input-1-ef1855288f1b> <ipython-input-1-ef1855288f1b> renameFile 47 
../ScriptDownloads\\0-loop\\46\photo_series_20190905114759.jpg being renamed as ../ScriptDownloads\\0-loop\\46\132-photo_series_20190905114759.jpg

2019-10-22 11:27:22,958 INFO 10728288 
<ipython-input-72-2931b5e1fb14> <ipython-input-72-2931b5e1fb14> <module> 51 
The size of the current attachment being downloaded is 0.900569MB

2019-10-22 11:27:24,513 INFO 10729843 
<ipython-input-1-ef1855288f1b> <ipython-input-1-ef1855288f1b> renameFile 47 
../ScriptDownloads\\0-loop\\46\photo_series_20190905114813.jpg being renamed as ../ScriptDownloads\\0-loop\\46\133-photo_series_20190905114813.jpg

2019-10-22 11:27:24,920 INFO 10730250 
<ipython-input-72-2931b5e1fb14> <ipython-input-72-2931b5e1fb14> <module> 51 
The size of the current attachment being downloaded is 2.901874MB

2019-10-22 11:27:25,530 INFO 10730859 
<ipython-input-1-ef1855288f1b> <ipython-input-1-ef1855288f1b> renameFile 47 
../ScriptDownloads\\0-loop\\48\image.jpg being renamed as ../ScriptDownloads\\0-loop\\48\134-image.jpg

2019-10-22 11:27:25,739 INFO 10731069 
<ipython-input-72-2931b5e1fb14> <ipython-input-72-2931b5e1fb14> <module> 51 
The size of the current attachment being downloaded is 3.758398MB

2019-10-22 11:27:26,456 INFO 10731785 
<ipython-input-1-ef1855288f1b> <ipython-input-1-ef1855288f1b> renameFile 47 
../ScriptDownloads\\0-loop\\48\image.jpg being renamed as ../ScriptDownloads\\0-loop\\48\135-image.jpg

2019-10-22 11:27:26,648 INFO 10731978 
<ipython-input-72-2931b5e1fb14> <ipython-input-72-2931b5e1fb14> <module> 51 
The size of the current attachment being downloaded is 3.927744MB

2019-10-22 11:27:28,004 INFO 10733334 
<ipython-input-1-ef1855288f1b> <ipython-input-1-ef1855288f1b> renameFile 47 
../ScriptDownloads\\0-loop\\48\image.jpg being renamed as ../ScriptDownloads\\0-loop\\48\136-image.jpg

2019-10-22 11:27:28,204 INFO 10733534 
<ipython-input-72-2931b5e1fb14> <ipython-input-72-2931b5e1fb14> <module> 51 
The size of the current attachment being downloaded is 4.742996MB

2019-10-22 11:27:29,245 INFO 10734575 
<ipython-input-1-ef1855288f1b> <ipython-input-1-ef1855288f1b> renameFile 47 
../ScriptDownloads\\0-loop\\49\image.jpg being renamed as ../ScriptDownloads\\0-loop\\49\137-image.jpg

2019-10-22 11:27:29,437 INFO 10734767 
<ipython-input-72-2931b5e1fb14> <ipython-input-72-2931b5e1fb14> <module> 51 
The size of the current attachment being downloaded is 3.062536MB

2019-10-22 11:27:30,066 INFO 10735396 
<ipython-input-1-ef1855288f1b> <ipython-input-1-ef1855288f1b> renameFile 47 
../ScriptDownloads\\0-loop\\49\image.jpg being renamed as ../ScriptDownloads\\0-loop\\49\138-image.jpg

2019-10-22 11:27:30,264 INFO 10735594 
<ipython-input-72-2931b5e1fb14> <ipython-input-72-2931b5e1fb14> <module> 51 
The size of the current attachment being downloaded is 4.375137MB

2019-10-22 11:27:31,111 INFO 10736441 
<ipython-input-1-ef1855288f1b> <ipython-input-1-ef1855288f1b> renameFile 47 
../ScriptDownloads\\0-loop\\49\image.jpg being renamed as ../ScriptDownloads\\0-loop\\49\139-image.jpg

2019-10-22 11:27:31,323 INFO 10736653 
<ipython-input-72-2931b5e1fb14> <ipython-input-72-2931b5e1fb14> <module> 51 
The size of the current attachment being downloaded is 4.583372MB

2019-10-22 11:27:32,444 INFO 10737774 
<ipython-input-1-ef1855288f1b> <ipython-input-1-ef1855288f1b> renameFile 47 
../ScriptDownloads\\0-loop\\49\image.jpg being renamed as ../ScriptDownloads\\0-loop\\49\140-image.jpg

2019-10-22 11:27:32,634 INFO 10737963 
<ipython-input-72-2931b5e1fb14> <ipython-input-72-2931b5e1fb14> <module> 51 
The size of the current attachment being downloaded is 4.720229MB

2019-10-22 11:27:33,422 INFO 10738752 
<ipython-input-1-ef1855288f1b> <ipython-input-1-ef1855288f1b> renameFile 47 
../ScriptDownloads\\0-loop\\49\image.jpg being renamed as ../ScriptDownloads\\0-loop\\49\141-image.jpg

2019-10-22 11:27:33,607 INFO 10738937 
<ipython-input-72-2931b5e1fb14> <ipython-input-72-2931b5e1fb14> <module> 51 
The size of the current attachment being downloaded is 4.58195MB

2019-10-22 11:27:34,463 INFO 10739793 
<ipython-input-1-ef1855288f1b> <ipython-input-1-ef1855288f1b> renameFile 47 
../ScriptDownloads\\0-loop\\49\image.jpg being renamed as ../ScriptDownloads\\0-loop\\49\142-image.jpg

2019-10-22 11:27:34,701 INFO 10740031 
<ipython-input-72-2931b5e1fb14> <ipython-input-72-2931b5e1fb14> <module> 51 
The size of the current attachment being downloaded is 3.304148MB

2019-10-22 11:27:35,547 INFO 10740877 
<ipython-input-1-ef1855288f1b> <ipython-input-1-ef1855288f1b> renameFile 47 
../ScriptDownloads\\0-loop\\49\image.jpg being renamed as ../ScriptDownloads\\0-loop\\49\143-image.jpg

2019-10-22 11:27:35,742 INFO 10741072 
<ipython-input-72-2931b5e1fb14> <ipython-input-72-2931b5e1fb14> <module> 51 
The size of the current attachment being downloaded is 4.952014MB

2019-10-22 11:27:36,472 INFO 10741802 
<ipython-input-1-ef1855288f1b> <ipython-input-1-ef1855288f1b> renameFile 47 
../ScriptDownloads\\0-loop\\50\image.jpg being renamed as ../ScriptDownloads\\0-loop\\50\144-image.jpg

2019-10-22 11:27:36,666 INFO 10741996 
<ipython-input-72-2931b5e1fb14> <ipython-input-72-2931b5e1fb14> <module> 51 
The size of the current attachment being downloaded is 4.437251MB

2019-10-22 11:27:37,673 INFO 10743003 
<ipython-input-1-ef1855288f1b> <ipython-input-1-ef1855288f1b> renameFile 47 
../ScriptDownloads\\0-loop\\50\image.jpg being renamed as ../ScriptDownloads\\0-loop\\50\145-image.jpg

2019-10-22 11:27:37,872 INFO 10743201 
<ipython-input-72-2931b5e1fb14> <ipython-input-72-2931b5e1fb14> <module> 51 
The size of the current attachment being downloaded is 5.484875MB

2019-10-22 11:27:38,709 INFO 10744038 
<ipython-input-1-ef1855288f1b> <ipython-input-1-ef1855288f1b> renameFile 47 
../ScriptDownloads\\0-loop\\50\image.jpg being renamed as ../ScriptDownloads\\0-loop\\50\146-image.jpg

2019-10-22 11:27:38,960 INFO 10744290 
<ipython-input-72-2931b5e1fb14> <ipython-input-72-2931b5e1fb14> <module> 51 
The size of the current attachment being downloaded is 2.626823MB

2019-10-22 11:27:39,659 INFO 10744989 
<ipython-input-1-ef1855288f1b> <ipython-input-1-ef1855288f1b> renameFile 47 
../ScriptDownloads\\0-loop\\50\image.jpg being renamed as ../ScriptDownloads\\0-loop\\50\147-image.jpg

2019-10-22 11:27:39,862 INFO 10745192 
<ipython-input-72-2931b5e1fb14> <ipython-input-72-2931b5e1fb14> <module> 51 
The size of the current attachment being downloaded is 4.415193MB

2019-10-22 11:27:40,599 INFO 10745929 
<ipython-input-1-ef1855288f1b> <ipython-input-1-ef1855288f1b> renameFile 47 
../ScriptDownloads\\0-loop\\50\image.jpg being renamed as ../ScriptDownloads\\0-loop\\50\148-image.jpg

2019-10-22 11:27:40,801 INFO 10746131 
<ipython-input-72-2931b5e1fb14> <ipython-input-72-2931b5e1fb14> <module> 51 
The size of the current attachment being downloaded is 4.213405MB

2019-10-22 11:27:41,994 INFO 10747323 
<ipython-input-1-ef1855288f1b> <ipython-input-1-ef1855288f1b> renameFile 47 
../ScriptDownloads\\0-loop\\50\image.jpg being renamed as ../ScriptDownloads\\0-loop\\50\149-image.jpg

2019-10-22 11:27:42,758 INFO 10748088 
<ipython-input-72-2931b5e1fb14> <ipython-input-72-2931b5e1fb14> <module> 51 
The size of the current attachment being downloaded is 5.254122MB

2019-10-22 11:27:43,483 INFO 10748813 
<ipython-input-1-ef1855288f1b> <ipython-input-1-ef1855288f1b> renameFile 47 
../ScriptDownloads\\0-loop\\54\43FFE382-E248-4E25-B69F-5BD39710B234.jpeg being renamed as ../ScriptDownloads\\0-loop\\54\150-43FFE382-E248-4E25-B69F-5BD39710B234.jpeg

2019-10-22 11:27:43,678 INFO 10749008 
<ipython-input-72-2931b5e1fb14> <ipython-input-72-2931b5e1fb14> <module> 51 
The size of the current attachment being downloaded is 6.659373MB

2019-10-22 11:27:44,536 INFO 10749866 
<ipython-input-1-ef1855288f1b> <ipython-input-1-ef1855288f1b> renameFile 47 
../ScriptDownloads\\0-loop\\54\164CDEC7-1127-43E7-A81D-AB90024F4132.jpeg being renamed as ../ScriptDownloads\\0-loop\\54\151-164CDEC7-1127-43E7-A81D-AB90024F4132.jpeg

2019-10-22 11:27:44,785 INFO 10750115 
<ipython-input-72-2931b5e1fb14> <ipython-input-72-2931b5e1fb14> <module> 51 
The size of the current attachment being downloaded is 6.619286MB

2019-10-22 11:27:45,594 INFO 10750924 
<ipython-input-1-ef1855288f1b> <ipython-input-1-ef1855288f1b> renameFile 47 
../ScriptDownloads\\0-loop\\54\C1617A0E-412B-42BC-B27D-CC4089C28646.jpeg being renamed as ../ScriptDownloads\\0-loop\\54\152-C1617A0E-412B-42BC-B27D-CC4089C28646.jpeg

2019-10-22 11:27:45,784 INFO 10751113 
<ipython-input-72-2931b5e1fb14> <ipython-input-72-2931b5e1fb14> <module> 51 
The size of the current attachment being downloaded is 3.698371MB

2019-10-22 11:27:46,457 INFO 10751787 
<ipython-input-1-ef1855288f1b> <ipython-input-1-ef1855288f1b> renameFile 47 
../ScriptDownloads\\0-loop\\54\0D11A501-0660-4252-9AE8-BE48084BA1E6.jpeg being renamed as ../ScriptDownloads\\0-loop\\54\153-0D11A501-0660-4252-9AE8-BE48084BA1E6.jpeg

2019-10-22 11:27:47,127 INFO 10752457 
<ipython-input-72-2931b5e1fb14> <ipython-input-72-2931b5e1fb14> <module> 51 
The size of the current attachment being downloaded is 3.908797MB

2019-10-22 11:27:48,032 INFO 10753362 
<ipython-input-1-ef1855288f1b> <ipython-input-1-ef1855288f1b> renameFile 47 
../ScriptDownloads\\0-loop\\57\image.jpg being renamed as ../ScriptDownloads\\0-loop\\57\154-image.jpg

2019-10-22 11:27:48,891 INFO 10754221 
<ipython-input-72-2931b5e1fb14> <ipython-input-72-2931b5e1fb14> <module> 51 
The size of the current attachment being downloaded is 8.585572MB

2019-10-22 11:27:49,810 INFO 10755140 
<ipython-input-1-ef1855288f1b> <ipython-input-1-ef1855288f1b> renameFile 47 
../ScriptDownloads\\0-loop\\60\IMG_6138.JPG being renamed as ../ScriptDownloads\\0-loop\\60\155-IMG_6138.JPG

2019-10-22 11:27:50,001 INFO 10755331 
<ipython-input-72-2931b5e1fb14> <ipython-input-72-2931b5e1fb14> <module> 51 
The size of the current attachment being downloaded is 8.551637MB

2019-10-22 11:27:51,312 INFO 10756642 
<ipython-input-1-ef1855288f1b> <ipython-input-1-ef1855288f1b> renameFile 47 
../ScriptDownloads\\0-loop\\60\IMG_6153.JPG being renamed as ../ScriptDownloads\\0-loop\\60\156-IMG_6153.JPG

2019-10-22 11:27:51,527 INFO 10756856 
<ipython-input-72-2931b5e1fb14> <ipython-input-72-2931b5e1fb14> <module> 51 
The size of the current attachment being downloaded is 9.80643MB

2019-10-22 11:27:52,459 INFO 10757789 
<ipython-input-1-ef1855288f1b> <ipython-input-1-ef1855288f1b> renameFile 47 
../ScriptDownloads\\0-loop\\60\IMG_7445.JPG being renamed as ../ScriptDownloads\\0-loop\\60\157-IMG_7445.JPG

2019-10-22 11:27:52,650 INFO 10757980 
<ipython-input-72-2931b5e1fb14> <ipython-input-72-2931b5e1fb14> <module> 51 
The size of the current attachment being downloaded is 4.700884MB

2019-10-22 11:27:53,449 INFO 10758779 
<ipython-input-1-ef1855288f1b> <ipython-input-1-ef1855288f1b> renameFile 47 
../ScriptDownloads\\0-loop\\60\IMG_7443.JPG being renamed as ../ScriptDownloads\\0-loop\\60\158-IMG_7443.JPG

2019-10-22 11:27:53,651 INFO 10758981 
<ipython-input-72-2931b5e1fb14> <ipython-input-72-2931b5e1fb14> <module> 51 
The size of the current attachment being downloaded is 5.440922MB

2019-10-22 11:27:54,465 INFO 10759795 
<ipython-input-1-ef1855288f1b> <ipython-input-1-ef1855288f1b> renameFile 47 
../ScriptDownloads\\0-loop\\60\IMG_6124.JPG being renamed as ../ScriptDownloads\\0-loop\\60\159-IMG_6124.JPG

2019-10-22 11:27:54,656 INFO 10759986 
<ipython-input-72-2931b5e1fb14> <ipython-input-72-2931b5e1fb14> <module> 51 
The size of the current attachment being downloaded is 9.69094MB

2019-10-22 11:27:55,834 INFO 10761164 
<ipython-input-1-ef1855288f1b> <ipython-input-1-ef1855288f1b> renameFile 47 
../ScriptDownloads\\0-loop\\60\IMG_6128.JPG being renamed as ../ScriptDownloads\\0-loop\\60\160-IMG_6128.JPG

2019-10-22 11:27:56,024 INFO 10761354 
<ipython-input-72-2931b5e1fb14> <ipython-input-72-2931b5e1fb14> <module> 51 
The size of the current attachment being downloaded is 7.734803MB

2019-10-22 11:27:57,064 INFO 10762393 
<ipython-input-1-ef1855288f1b> <ipython-input-1-ef1855288f1b> renameFile 47 
../ScriptDownloads\\0-loop\\60\IMG_6130.JPG being renamed as ../ScriptDownloads\\0-loop\\60\161-IMG_6130.JPG

2019-10-22 11:27:57,457 INFO 10762786 
<ipython-input-72-2931b5e1fb14> <ipython-input-72-2931b5e1fb14> <module> 51 
The size of the current attachment being downloaded is 4.198887MB

2019-10-22 11:27:58,508 INFO 10763837 
<ipython-input-1-ef1855288f1b> <ipython-input-1-ef1855288f1b> renameFile 47 
../ScriptDownloads\\0-loop\\62\image.jpg being renamed as ../ScriptDownloads\\0-loop\\62\162-image.jpg

2019-10-22 11:27:58,696 INFO 10764026 
<ipython-input-72-2931b5e1fb14> <ipython-input-72-2931b5e1fb14> <module> 51 
The size of the current attachment being downloaded is 3.705283MB

2019-10-22 11:27:59,383 INFO 10764713 
<ipython-input-1-ef1855288f1b> <ipython-input-1-ef1855288f1b> renameFile 47 
../ScriptDownloads\\0-loop\\62\image.jpg being renamed as ../ScriptDownloads\\0-loop\\62\163-image.jpg

2019-10-22 11:27:59,591 INFO 10764921 
<ipython-input-72-2931b5e1fb14> <ipython-input-72-2931b5e1fb14> <module> 51 
The size of the current attachment being downloaded is 4.090421MB

2019-10-22 11:28:00,433 INFO 10765762 
<ipython-input-1-ef1855288f1b> <ipython-input-1-ef1855288f1b> renameFile 47 
../ScriptDownloads\\0-loop\\62\image.jpg being renamed as ../ScriptDownloads\\0-loop\\62\164-image.jpg

2019-10-22 11:28:00,653 INFO 10765983 
<ipython-input-72-2931b5e1fb14> <ipython-input-72-2931b5e1fb14> <module> 51 
The size of the current attachment being downloaded is 3.931257MB

2019-10-22 11:28:01,369 INFO 10766698 
<ipython-input-1-ef1855288f1b> <ipython-input-1-ef1855288f1b> renameFile 47 
../ScriptDownloads\\0-loop\\62\image.jpg being renamed as ../ScriptDownloads\\0-loop\\62\165-image.jpg

2019-10-22 11:28:01,863 INFO 10767193 
<ipython-input-72-2931b5e1fb14> <ipython-input-72-2931b5e1fb14> <module> 80 
40 of these features do not contain attachments

2019-10-22 11:28:01,864 INFO 10767194 
<ipython-input-72-2931b5e1fb14> <ipython-input-72-2931b5e1fb14> <module> 84 
Summary: 330 new files have been downloaded totalling 1098.63959MB in size

2019-10-22 11:28:01,865 INFO 10767195 
<ipython-input-72-2931b5e1fb14> <ipython-input-72-2931b5e1fb14> <module> 85 
Summary: 49 attachments already existed so were not downloaded again

2019-10-22 11:44:22,928 INFO 11748258 
<ipython-input-73-5d426b6433b3> <ipython-input-73-5d426b6433b3> <module> 64 
Script Starting at 2019-10-22 11:44:22.928712

2019-10-22 11:44:30,064 INFO 11755394 
<ipython-input-73-5d426b6433b3> <ipython-input-73-5d426b6433b3> <module> 77 
Iterating through layers in Feature Layer "service_ff36500870a149e7b0fc304a24ea2dba"

2019-10-22 11:44:33,882 INFO 11759212 
<ipython-input-73-5d426b6433b3> <ipython-input-73-5d426b6433b3> <module> 100 
Time: 2019-10-22 11:44:33.882249

2019-10-22 11:44:33,883 INFO 11759213 
<ipython-input-73-5d426b6433b3> <ipython-input-73-5d426b6433b3> <module> 101 
Currently looping through feature attachments in layer 1 of 1: storing in folder named "0-surveyPoint"

2019-10-22 11:44:33,884 INFO 11759214 
<ipython-input-73-5d426b6433b3> <ipython-input-73-5d426b6433b3> <module> 102 
There are 7 features to iterate in this layer

2019-10-22 11:44:34,301 INFO 11759631 
<ipython-input-73-5d426b6433b3> <ipython-input-73-5d426b6433b3> <module> 127 
The size of the current attachment being downloaded is 0.62013MB

2019-10-22 11:44:35,415 INFO 11760745 
<ipython-input-73-5d426b6433b3> <ipython-input-73-5d426b6433b3> renameFile 47 
../ScriptDownloads_DE\\0-surveyPoint\\4\20190901_111009.jpg being renamed as ../ScriptDownloads_DE\\0-surveyPoint\\4\2-20190901_111009.jpg

2019-10-22 11:44:35,622 INFO 11760952 
<ipython-input-73-5d426b6433b3> <ipython-input-73-5d426b6433b3> <module> 127 
The size of the current attachment being downloaded is 1.631116MB

2019-10-22 11:44:36,998 INFO 11762328 
<ipython-input-73-5d426b6433b3> <ipython-input-73-5d426b6433b3> renameFile 47 
../ScriptDownloads_DE\\0-surveyPoint\\5\20190903_113704.jpg being renamed as ../ScriptDownloads_DE\\0-surveyPoint\\5\3-20190903_113704.jpg

2019-10-22 11:44:37,210 INFO 11762540 
<ipython-input-73-5d426b6433b3> <ipython-input-73-5d426b6433b3> <module> 127 
The size of the current attachment being downloaded is 0.55338MB

2019-10-22 11:44:38,487 INFO 11763817 
<ipython-input-73-5d426b6433b3> <ipython-input-73-5d426b6433b3> renameFile 47 
../ScriptDownloads_DE\\0-surveyPoint\\6\15675108335011137043949.jpg being renamed as ../ScriptDownloads_DE\\0-surveyPoint\\6\4-15675108335011137043949.jpg

2019-10-22 11:44:38,691 INFO 11764020 
<ipython-input-73-5d426b6433b3> <ipython-input-73-5d426b6433b3> <module> 127 
The size of the current attachment being downloaded is 2.278732MB

2019-10-22 11:44:39,704 INFO 11765034 
<ipython-input-73-5d426b6433b3> <ipython-input-73-5d426b6433b3> renameFile 47 
../ScriptDownloads_DE\\0-surveyPoint\\7\1567522935783-1640655733.jpg being renamed as ../ScriptDownloads_DE\\0-surveyPoint\\7\5-1567522935783-1640655733.jpg

2019-10-22 11:44:41,175 INFO 11766505 
<ipython-input-73-5d426b6433b3> <ipython-input-73-5d426b6433b3> <module> 156 
3 of these features do not contain attachments

2019-10-22 11:44:41,176 INFO 11766506 
<ipython-input-73-5d426b6433b3> <ipython-input-73-5d426b6433b3> <module> 160 
Summary: 4 new layer files have been downloaded totalling 5.083358MB in size

2019-10-22 11:44:41,177 INFO 11766506 
<ipython-input-73-5d426b6433b3> <ipython-input-73-5d426b6433b3> <module> 161 
Summary: 0 layer attachments already existed so were not downloaded again

2019-10-22 11:45:14,662 INFO 11799992 
<ipython-input-74-2931b5e1fb14> <ipython-input-74-2931b5e1fb14> <module> 21 
Time: 2019-10-22 11:45:14.662773

2019-10-22 11:45:14,662 INFO 11799992 
<ipython-input-74-2931b5e1fb14> <ipython-input-74-2931b5e1fb14> <module> 22 
Currently looping through feature attachments in layer 1 of 1: storing in folder named "0-loop"

2019-10-22 11:45:14,663 INFO 11799993 
<ipython-input-74-2931b5e1fb14> <ipython-input-74-2931b5e1fb14> <module> 23 
There are 7 features to iterate in this layer

2019-10-22 11:45:17,233 INFO 11802563 
<ipython-input-74-2931b5e1fb14> <ipython-input-74-2931b5e1fb14> <module> 80 
7 of these features do not contain attachments

2019-10-22 11:45:17,234 INFO 11802564 
<ipython-input-74-2931b5e1fb14> <ipython-input-74-2931b5e1fb14> <module> 84 
Summary: 4 new files have been downloaded totalling 5.083358MB in size

2019-10-22 11:45:17,236 INFO 11802566 
<ipython-input-74-2931b5e1fb14> <ipython-input-74-2931b5e1fb14> <module> 85 
Summary: 0 attachments already existed so were not downloaded again

