2019-10-22 13:57:06,482 INFO 3388816 
<ipython-input-16-40feefe3192f> <ipython-input-16-40feefe3192f> <module> 77 
Script Starting at 2019-10-22 13:57:06.482574

2019-10-22 13:57:13,134 INFO 3395468 
<ipython-input-16-40feefe3192f> <ipython-input-16-40feefe3192f> <module> 90 
Iterating through layers in Feature Layer "service_d5a26ba7fee8434dafe9403fd67ad059"

2019-10-22 13:57:16,637 INFO 3398971 
<ipython-input-16-40feefe3192f> <ipython-input-16-40feefe3192f> <module> 112 
Time: 2019-10-22 13:57:16.637271

2019-10-22 13:57:16,648 INFO 3398982 
<ipython-input-16-40feefe3192f> <ipython-input-16-40feefe3192f> <module> 113 
Currently looping through feature attachments in layer 1 of 1: storing in folder named "0-surveyPoint"

2019-10-22 13:57:16,656 INFO 3398990 
<ipython-input-16-40feefe3192f> <ipython-input-16-40feefe3192f> <module> 114 
There are 64 features to iterate in this layer

2019-10-22 13:57:16,964 INFO 3399298 
<ipython-input-16-40feefe3192f> <ipython-input-16-40feefe3192f> <module> 146 
File ../ScriptDownloads_EN\\0-surveyPoint\\1\1-15663871483551841638118.jpg already exists. Not downloading again!

2019-10-22 13:57:17,234 INFO 3399568 
<ipython-input-16-40feefe3192f> <ipython-input-16-40feefe3192f> <module> 146 
File ../ScriptDownloads_EN\\0-surveyPoint\\2\2-389989CF-7C6A-4A55-BE0A-DAA6B01B283D.jpeg already exists. Not downloading again!

2019-10-22 13:57:17,463 INFO 3399798 
<ipython-input-16-40feefe3192f> <ipython-input-16-40feefe3192f> <module> 146 
File ../ScriptDownloads_EN\\0-surveyPoint\\3\3-CDCC7C75-8FA9-40E1-980B-BC7ADB4FF552.jpeg already exists. Not downloading again!

2019-10-22 13:57:17,710 INFO 3400045 
<ipython-input-16-40feefe3192f> <ipython-input-16-40feefe3192f> <module> 146 
File ../ScriptDownloads_EN\\0-surveyPoint\\4\4-C134FE5F-C400-4E95-BC26-8C932A394B07.jpeg already exists. Not downloading again!

2019-10-22 13:57:17,964 INFO 3400299 
<ipython-input-16-40feefe3192f> <ipython-input-16-40feefe3192f> <module> 146 
File ../ScriptDownloads_EN\\0-surveyPoint\\5\5-1566917171038-778181784.jpg already exists. Not downloading again!

2019-10-22 13:57:18,281 INFO 3400616 
<ipython-input-16-40feefe3192f> <ipython-input-16-40feefe3192f> <module> 146 
File ../ScriptDownloads_EN\\0-surveyPoint\\6\6-15670735120811253738632.jpg already exists. Not downloading again!

2019-10-22 13:57:18,649 INFO 3400983 
<ipython-input-16-40feefe3192f> <ipython-input-16-40feefe3192f> <module> 146 
File ../ScriptDownloads_EN\\0-surveyPoint\\7\7-15670737967121013087840.jpg already exists. Not downloading again!

2019-10-22 13:57:19,417 INFO 3401752 
<ipython-input-16-40feefe3192f> <ipython-input-16-40feefe3192f> <module> 146 
File ../ScriptDownloads_EN\\0-surveyPoint\\8\8-1567074463471-1840186848.jpg already exists. Not downloading again!

2019-10-22 13:57:20,077 INFO 3402411 
<ipython-input-16-40feefe3192f> <ipython-input-16-40feefe3192f> <module> 146 
File ../ScriptDownloads_EN\\0-surveyPoint\\9\9-image.jpg already exists. Not downloading again!

2019-10-22 13:57:20,568 INFO 3402902 
<ipython-input-16-40feefe3192f> <ipython-input-16-40feefe3192f> <module> 146 
File ../ScriptDownloads_EN\\0-surveyPoint\\10\10-9F5023F4-5323-4A02-A501-D022DBC48DE1.jpeg already exists. Not downloading again!

2019-10-22 13:57:20,843 INFO 3403178 
<ipython-input-16-40feefe3192f> <ipython-input-16-40feefe3192f> <module> 146 
File ../ScriptDownloads_EN\\0-surveyPoint\\11\11-B06C217F-12CB-447C-9B80-63AEB96471F9.jpeg already exists. Not downloading again!

2019-10-22 13:57:21,087 INFO 3403421 
<ipython-input-16-40feefe3192f> <ipython-input-16-40feefe3192f> <module> 146 
File ../ScriptDownloads_EN\\0-surveyPoint\\12\12-image.jpg already exists. Not downloading again!

2019-10-22 13:57:21,356 INFO 3403690 
<ipython-input-16-40feefe3192f> <ipython-input-16-40feefe3192f> <module> 146 
File ../ScriptDownloads_EN\\0-surveyPoint\\13\13-image.jpg already exists. Not downloading again!

2019-10-22 13:57:21,592 INFO 3403927 
<ipython-input-16-40feefe3192f> <ipython-input-16-40feefe3192f> <module> 146 
File ../ScriptDownloads_EN\\0-surveyPoint\\14\14-image.jpg already exists. Not downloading again!

2019-10-22 13:57:22,226 INFO 3404560 
<ipython-input-16-40feefe3192f> <ipython-input-16-40feefe3192f> <module> 146 
File ../ScriptDownloads_EN\\0-surveyPoint\\16\15-15675904521585512437494732596818.jpg already exists. Not downloading again!

2019-10-22 13:57:22,468 INFO 3404802 
<ipython-input-16-40feefe3192f> <ipython-input-16-40feefe3192f> <module> 146 
File ../ScriptDownloads_EN\\0-surveyPoint\\17\16-15675957963361719209467.jpg already exists. Not downloading again!

2019-10-22 13:57:22,693 INFO 3405028 
<ipython-input-16-40feefe3192f> <ipython-input-16-40feefe3192f> <module> 146 
File ../ScriptDownloads_EN\\0-surveyPoint\\18\17-1567595964110547868615.jpg already exists. Not downloading again!

2019-10-22 13:57:23,010 INFO 3405344 
<ipython-input-16-40feefe3192f> <ipython-input-16-40feefe3192f> <module> 146 
File ../ScriptDownloads_EN\\0-surveyPoint\\19\18-15675959091546381191343432412648.jpg already exists. Not downloading again!

2019-10-22 13:57:23,466 INFO 3405800 
<ipython-input-16-40feefe3192f> <ipython-input-16-40feefe3192f> <module> 146 
File ../ScriptDownloads_EN\\0-surveyPoint\\21\19-15675967569257117009545662753637.jpg already exists. Not downloading again!

2019-10-22 13:57:23,730 INFO 3406064 
<ipython-input-16-40feefe3192f> <ipython-input-16-40feefe3192f> <module> 146 
File ../ScriptDownloads_EN\\0-surveyPoint\\22\20-1567604871729573560134884470007.jpg already exists. Not downloading again!

2019-10-22 13:57:23,965 INFO 3406299 
<ipython-input-16-40feefe3192f> <ipython-input-16-40feefe3192f> <module> 146 
File ../ScriptDownloads_EN\\0-surveyPoint\\23\21-1567604903313-248784947.jpg already exists. Not downloading again!

2019-10-22 13:57:24,204 INFO 3406539 
<ipython-input-16-40feefe3192f> <ipython-input-16-40feefe3192f> <module> 146 
File ../ScriptDownloads_EN\\0-surveyPoint\\24\22-1567605253542-254695870.jpg already exists. Not downloading again!

2019-10-22 13:57:24,466 INFO 3406800 
<ipython-input-16-40feefe3192f> <ipython-input-16-40feefe3192f> <module> 146 
File ../ScriptDownloads_EN\\0-surveyPoint\\25\23-15676077000083489751647921184582.jpg already exists. Not downloading again!

2019-10-22 13:57:24,997 INFO 3407331 
<ipython-input-16-40feefe3192f> <ipython-input-16-40feefe3192f> <module> 146 
File ../ScriptDownloads_EN\\0-surveyPoint\\27\24-32C75531-4EDA-4D06-A480-BA9A3AC1EE16.jpeg already exists. Not downloading again!

2019-10-22 13:57:26,612 INFO 3408946 
<ipython-input-16-40feefe3192f> <ipython-input-16-40feefe3192f> <module> 146 
File ../ScriptDownloads_EN\\0-surveyPoint\\34\25-15676757983253103429169208362161.jpg already exists. Not downloading again!

2019-10-22 13:57:26,841 INFO 3409175 
<ipython-input-16-40feefe3192f> <ipython-input-16-40feefe3192f> <module> 146 
File ../ScriptDownloads_EN\\0-surveyPoint\\35\26-20190905_093049.jpg already exists. Not downloading again!

2019-10-22 13:57:27,195 INFO 3409529 
<ipython-input-16-40feefe3192f> <ipython-input-16-40feefe3192f> <module> 146 
File ../ScriptDownloads_EN\\0-surveyPoint\\36\27-image.jpg already exists. Not downloading again!

2019-10-22 13:57:27,708 INFO 3410042 
<ipython-input-16-40feefe3192f> <ipython-input-16-40feefe3192f> <module> 146 
File ../ScriptDownloads_EN\\0-surveyPoint\\37\28-image.jpg already exists. Not downloading again!

2019-10-22 13:57:28,336 INFO 3410670 
<ipython-input-16-40feefe3192f> <ipython-input-16-40feefe3192f> <module> 146 
File ../ScriptDownloads_EN\\0-surveyPoint\\38\29-image.jpg already exists. Not downloading again!

2019-10-22 13:57:28,714 INFO 3411048 
<ipython-input-16-40feefe3192f> <ipython-input-16-40feefe3192f> <module> 146 
File ../ScriptDownloads_EN\\0-surveyPoint\\39\30-15676759741109131122420007111107.jpg already exists. Not downloading again!

2019-10-22 13:57:28,944 INFO 3411279 
<ipython-input-16-40feefe3192f> <ipython-input-16-40feefe3192f> <module> 146 
File ../ScriptDownloads_EN\\0-surveyPoint\\40\31-2019-09-05 09.33.39.jpg already exists. Not downloading again!

2019-10-22 13:57:29,891 INFO 3412225 
<ipython-input-16-40feefe3192f> <ipython-input-16-40feefe3192f> <module> 146 
File ../ScriptDownloads_EN\\0-surveyPoint\\41\32-image.jpg already exists. Not downloading again!

2019-10-22 13:57:30,509 INFO 3412843 
<ipython-input-16-40feefe3192f> <ipython-input-16-40feefe3192f> <module> 146 
File ../ScriptDownloads_EN\\0-surveyPoint\\43\33-15676766556524138064104028640527.jpg already exists. Not downloading again!

2019-10-22 13:57:31,068 INFO 3413402 
<ipython-input-16-40feefe3192f> <ipython-input-16-40feefe3192f> <module> 146 
File ../ScriptDownloads_EN\\0-surveyPoint\\45\34-image.jpg already exists. Not downloading again!

2019-10-22 13:57:32,687 INFO 3415021 
<ipython-input-16-40feefe3192f> <ipython-input-16-40feefe3192f> <module> 146 
File ../ScriptDownloads_EN\\0-surveyPoint\\47\35-image.jpg already exists. Not downloading again!

2019-10-22 13:57:32,912 INFO 3415247 
<ipython-input-16-40feefe3192f> <ipython-input-16-40feefe3192f> <module> 146 
File ../ScriptDownloads_EN\\0-surveyPoint\\48\36-image.jpg already exists. Not downloading again!

2019-10-22 13:57:33,192 INFO 3415526 
<ipython-input-16-40feefe3192f> <ipython-input-16-40feefe3192f> <module> 146 
File ../ScriptDownloads_EN\\0-surveyPoint\\49\37-image.jpg already exists. Not downloading again!

2019-10-22 13:57:33,813 INFO 3416147 
<ipython-input-16-40feefe3192f> <ipython-input-16-40feefe3192f> <module> 146 
File ../ScriptDownloads_EN\\0-surveyPoint\\51\38-15676773516057671787330620953743.jpg already exists. Not downloading again!

